
--- [ 2025-11-21 13:05:27 ] ---
{
  "task_type": "execute_command",
  "ia_explanation": "O usuário quer criar um novo repositório no GitHub chamado 'fenrir' a partir do diretório atual e subir os arquivos existentes usando o gh cli.",
  "command_to_run": "gh repo create fenrir --public --source=. --push",
  "target_path": null,
  "application": null
}

--- [ 2025-11-21 13:23:40 ] ---
{
  "task_type": "execute_command",
  "ia_explanation": "O usuário quer adicionar arquivos e pastas de build, logs e temporários ao .gitignore, depois adicionar todos os outros arquivos e fazer um commit.",
  "command_to_run": "echo -e \"target/\\n*.log\\n.DS_Store\\n.tmp.drivedownload/\\n.tmp.driveupload/\\n.qodo/\\nreports/\\n.fenrir/\\ngitdocaralho\" >> .gitignore && git add . && git commit",
  "target_path": null,
  "application": null
}

--- [ 2025-11-21 13:25:25 ] ---
{
  "task_type": "unknown",
  "ia_explanation": "O usuário forneceu uma entrada vaga que não corresponde a um comando ou solicitação de edição.",
  "command_to_run": null,
  "target_path": null,
  "application": null
}

--- [ 2025-11-21 13:25:56 ] ---
{
  "task_type": "execute_command",
  "ia_explanation": "O usuário quer criar uma nova tarefa usando o comando 'tarefinha -new'.",
  "command_to_run": "tarefinha -new",
  "target_path": null,
  "application": null
}
